    Updating registry at `~/.julia/registries/General.toml`
   Installed StrideArraysCore ───────────────── v0.5.7
   Installed GPUArraysCore ──────────────────── v0.2.0
   Installed Crayons ────────────────────────── v4.1.1
   Installed BitTwiddlingConvenienceFunctions ─ v0.1.6
   Installed TaskLocalValues ────────────────── v0.1.2
   Installed Adapt ──────────────────────────── v4.1.1
   Installed SIMDTypes ──────────────────────── v0.1.0
   Installed OhMyThreads ────────────────────── v0.7.0
   Installed LayoutPointers ─────────────────── v0.1.17
   Installed ROCmDeviceLibs_jll ─────────────── v5.6.1+1
   Installed CpuId ──────────────────────────── v0.3.1
   Installed LLVM_jll ───────────────────────── v16.0.6+4
   Installed ArgCheck ───────────────────────── v2.4.0
   Installed Accessors ──────────────────────── v0.1.39
   Installed PrettyTables ───────────────────── v2.4.0
   Installed TableTraits ────────────────────── v1.0.1
   Installed GPUCompiler ────────────────────── v1.0.1
   Installed Tables ─────────────────────────── v1.12.0
   Installed CPUSummary ─────────────────────── v0.2.6
   Installed ChunkSplitters ─────────────────── v3.1.0
   Installed SpecialFunctions ───────────────── v2.5.0
   Installed IfElse ─────────────────────────── v0.1.1
   Installed TimerOutputs ───────────────────── v0.5.26
   Installed StaticArrays ───────────────────── v1.9.8
   Installed AbstractFFTs ───────────────────── v1.5.0
   Installed StaticArraysCore ───────────────── v1.4.3
   Installed Unrolled ───────────────────────── v0.1.5
   Installed Polyester ──────────────────────── v0.7.16
   Installed IteratorInterfaceExtensions ────── v1.0.0
   Installed AcceleratedKernels ─────────────── v0.2.1
   Installed ConstructionBase ───────────────── v1.5.8
   Installed DataValueInterfaces ────────────── v1.0.0
   Installed StableTasks ────────────────────── v0.1.5
   Installed LLVMExtra_jll ──────────────────── v0.0.34+0
   Installed ThreadingUtilities ─────────────── v0.5.2
   Installed UnsafeAtomicsLLVM ──────────────── v0.2.2
   Installed AMDGPU ─────────────────────────── v1.1.6
   Installed ManualMemory ───────────────────── v0.1.8
   Installed InitialValues ──────────────────── v0.3.1
   Installed CEnum ──────────────────────────── v0.5.0
   Installed Random123 ──────────────────────── v1.7.0
   Installed PolyesterWeave ─────────────────── v0.2.2
   Installed GPUArrays ──────────────────────── v11.1.0
   Installed ArrayInterface ─────────────────── v7.17.1
   Installed CloseOpenIntervals ─────────────── v0.1.13
   Installed KernelAbstractions ─────────────── v0.9.31
   Installed BangBang ───────────────────────── v0.4.3
   Installed RandomNumbers ──────────────────── v1.6.0
   Installed Static ─────────────────────────── v1.1.1
   Installed ExprTools ──────────────────────── v0.1.10
   Installed CompositionsBase ───────────────── v0.1.2
   Installed CommonWorldInvalidations ───────── v1.0.0
   Installed UnsafeAtomics ──────────────────── v0.2.1
   Installed OpenSpecFun_jll ────────────────── v0.5.5+0
   Installed StringManipulation ─────────────── v0.4.0
   Installed StaticArrayInterface ───────────── v1.8.0
   Installed InverseFunctions ───────────────── v0.1.17
   Installed Atomix ─────────────────────────── v1.0.1
   Installed LLVM ───────────────────────────── v9.1.3
    Updating `/pfs/lustrep3/scratch/project_465001310/pcontreras/slurm_examples/exercise_4/Project.toml`
  [21141c5a] + AMDGPU v1.1.6
    Updating `/pfs/lustrep3/scratch/project_465001310/pcontreras/slurm_examples/exercise_4/Manifest.toml`
  [21141c5a] + AMDGPU v1.1.6
  [621f4979] + AbstractFFTs v1.5.0
  [6a4ca0a5] + AcceleratedKernels v0.2.1
  [7d9f7c33] + Accessors v0.1.39
  [79e6a3ab] + Adapt v4.1.1
  [dce04be8] + ArgCheck v2.4.0
  [4fba245c] + ArrayInterface v7.17.1
  [a9b6321e] + Atomix v1.0.1
  [198e06fe] + BangBang v0.4.3
  [62783981] + BitTwiddlingConvenienceFunctions v0.1.6
  [fa961155] + CEnum v0.5.0
  [2a0fbf3d] + CPUSummary v0.2.6
  [ae650224] + ChunkSplitters v3.1.0
  [fb6a15b2] + CloseOpenIntervals v0.1.13
  [f70d9fcc] + CommonWorldInvalidations v1.0.0
  [34da2185] + Compat v4.16.0
  [a33af91c] + CompositionsBase v0.1.2
  [187b0558] + ConstructionBase v1.5.8
  [adafc99b] + CpuId v0.3.1
  [a8cc5b0e] + Crayons v4.1.1
  [9a962f9c] + DataAPI v1.16.0
  [e2d170a0] + DataValueInterfaces v1.0.0
  [ffbed154] + DocStringExtensions v0.9.3
  [e2ba6199] + ExprTools v0.1.10
  [0c68f7d7] + GPUArrays v11.1.0
  [46192b85] + GPUArraysCore v0.2.0
  [61eb1bfa] + GPUCompiler v1.0.1
  [615f187c] + IfElse v0.1.1
  [22cec73e] + InitialValues v0.3.1
  [3587e190] + InverseFunctions v0.1.17
  [92d709cd] + IrrationalConstants v0.2.2
  [82899510] + IteratorInterfaceExtensions v1.0.0
  [692b3bcd] + JLLWrappers v1.6.1
  [63c18a36] + KernelAbstractions v0.9.31
  [929cbde3] + LLVM v9.1.3
  [b964fa9f] + LaTeXStrings v1.4.0
  [10f19ff3] + LayoutPointers v0.1.17
  [2ab3a3ac] + LogExpFunctions v0.3.28
  [1914dd2f] + MacroTools v0.5.13
  [d125e4d3] + ManualMemory v0.1.8
  [67456a42] + OhMyThreads v0.7.0
  [bac558e1] + OrderedCollections v1.7.0
  [f517fe37] + Polyester v0.7.16
  [1d0040c9] + PolyesterWeave v0.2.2
  [aea7be01] + PrecompileTools v1.2.1
  [21216c6a] + Preferences v1.4.3
  [08abe8d2] + PrettyTables v2.4.0
  [74087812] + Random123 v1.7.0
  [e6cf234a] + RandomNumbers v1.6.0
  [189a3867] + Reexport v1.2.2
  [ae029012] + Requires v1.3.0
  [94e857df] + SIMDTypes v0.1.0
  [6c6a2e73] + Scratch v1.2.1
  [276daf66] + SpecialFunctions v2.5.0
  [91464d47] + StableTasks v0.1.5
  [aedffcd0] + Static v1.1.1
  [0d7ed370] + StaticArrayInterface v1.8.0
  [90137ffa] + StaticArrays v1.9.8
  [1e83bf80] + StaticArraysCore v1.4.3
  [10745b16] + Statistics v1.11.1
  [7792a7ef] + StrideArraysCore v0.5.7
  [892a3eda] + StringManipulation v0.4.0
  [3783bdb8] + TableTraits v1.0.1
  [bd369af6] + Tables v1.12.0
  [ed4db957] + TaskLocalValues v0.1.2
  [8290d209] + ThreadingUtilities v0.5.2
  [a759f4b9] + TimerOutputs v0.5.26
  [9602ed7d] + Unrolled v0.1.5
  [013be700] + UnsafeAtomics v0.2.1
  [d80eeb9a] + UnsafeAtomicsLLVM v0.2.2
  [dad2f222] + LLVMExtra_jll v0.0.34+0
⌅ [86de99a1] + LLVM_jll v16.0.6+4
  [efe28fd5] + OpenSpecFun_jll v0.5.5+0
  [873c0968] + ROCmDeviceLibs_jll v5.6.1+1
  [0dad84c5] + ArgTools v1.1.2
  [56f22d72] + Artifacts v1.11.0
  [2a0f44e3] + Base64 v1.11.0
  [ade2ca70] + Dates v1.11.0
  [f43a241f] + Downloads v1.6.0
  [7b1f6079] + FileWatching v1.11.0
  [b77e0a4c] + InteractiveUtils v1.11.0
  [4af54fe1] + LazyArtifacts v1.11.0
  [b27032c2] + LibCURL v0.6.4
  [76f85450] + LibGit2 v1.11.0
  [8f399da3] + Libdl v1.11.0
  [37e2e46d] + LinearAlgebra v1.11.0
  [56ddb016] + Logging v1.11.0
  [d6f4376e] + Markdown v1.11.0
  [ca575930] + NetworkOptions v1.2.0
  [44cfe95a] + Pkg v1.11.0
  [de0858da] + Printf v1.11.0
  [9a3f8284] + Random v1.11.0
  [ea8e919c] + SHA v0.7.0
  [9e88b42a] + Serialization v1.11.0
  [2f01184e] + SparseArrays v1.11.0
  [fa267f1f] + TOML v1.0.3
  [a4e569a6] + Tar v1.10.0
  [cf7118a7] + UUIDs v1.11.0
  [4ec0a83e] + Unicode v1.11.0
  [e66e0078] + CompilerSupportLibraries_jll v1.1.1+0
  [d55e3150] + LLD_jll v16.0.6+4
  [deac9b47] + LibCURL_jll v8.6.0+0
  [e37daf67] + LibGit2_jll v1.7.2+0
  [29816b5a] + LibSSH2_jll v1.11.0+1
  [c8ffd9c3] + MbedTLS_jll v2.28.6+0
  [14a3606d] + MozillaCACerts_jll v2023.12.12
  [4536629a] + OpenBLAS_jll v0.3.27+1
  [05823500] + OpenLibm_jll v0.8.1+2
  [bea87d4a] + SuiteSparse_jll v7.7.0+0
  [83775a58] + Zlib_jll v1.2.13+1
  [8f36deef] + libLLVM_jll v16.0.6+4
  [8e850b90] + libblastrampoline_jll v5.11.0+0
  [8e850ede] + nghttp2_jll v1.59.0+0
  [3f19e933] + p7zip_jll v17.4.0+2
        Info Packages marked with ⌅ have new versions available but compatibility constraints restrict them from upgrading. To see why use `status --outdated -m`
Precompiling project...
   7923.3 ms  ✓ DataValueInterfaces
   7550.2 ms  ✓ IfElse
   9836.8 ms  ✓ TaskLocalValues
   7689.6 ms  ✓ SIMDTypes
   7557.9 ms  ✓ ExprTools
   7355.6 ms  ✓ IteratorInterfaceExtensions
   6979.5 ms  ✓ CommonWorldInvalidations
   6576.1 ms  ✓ CompositionsBase
   6896.8 ms  ✓ ArgCheck
   7363.7 ms  ✓ ConstructionBase
   7726.0 ms  ✓ InverseFunctions
   7933.8 ms  ✓ StableTasks
   6480.7 ms  ✓ ChunkSplitters
   7929.3 ms  ✓ AbstractFFTs
   7351.9 ms  ✓ UnsafeAtomics
   6904.5 ms  ✓ Crayons
    668.0 ms  ✓ CEnum
    647.1 ms  ✓ TableTraits
    703.5 ms  ✓ ManualMemory
    758.0 ms  ✓ StaticArraysCore
    737.9 ms  ✓ Adapt
    501.0 ms  ✓ ConstructionBase → ConstructionBaseLinearAlgebraExt
    998.5 ms  ✓ CompositionsBase → CompositionsBaseInverseFunctionsExt
    492.4 ms  ✓ InverseFunctions → InverseFunctionsDatesExt
    853.9 ms  ✓ ROCmDeviceLibs_jll
    645.2 ms  ✓ LogExpFunctions → LogExpFunctionsInverseFunctionsExt
    914.6 ms  ✓ LLVM_jll
   1313.6 ms  ✓ Static
   1388.6 ms  ✓ RandomNumbers
    641.4 ms  ✓ Atomix
   1432.6 ms  ✓ InitialValues
   1784.6 ms  ✓ CpuId
    504.4 ms  ✓ BitTwiddlingConvenienceFunctions
    645.1 ms  ✓ ArrayInterface
   1063.2 ms  ✓ Tables
    678.6 ms  ✓ GPUArraysCore
   1302.2 ms  ✓ OpenSpecFun_jll
   1031.0 ms  ✓ ThreadingUtilities
   2111.0 ms  ✓ Unrolled
   2195.3 ms  ✓ TimerOutputs
   1564.5 ms  ✓ LLVMExtra_jll
    467.4 ms  ✓ ArrayInterface → ArrayInterfaceStaticArraysCoreExt
    435.5 ms  ✓ ArrayInterface → ArrayInterfaceGPUArraysCoreExt
   2087.1 ms  ✓ StringManipulation
   1291.4 ms  ✓ Random123
   1055.2 ms  ✓ CPUSummary
   1902.4 ms  ✓ Accessors
    635.3 ms  ✓ PolyesterWeave
   1803.6 ms  ✓ StaticArrayInterface
   1867.5 ms  ✓ ArrayInterface → ArrayInterfaceSparseArraysExt
    596.1 ms  ✓ Accessors → AccessorsDatesExt
    912.5 ms  ✓ BangBang
    521.5 ms  ✓ CloseOpenIntervals
    669.7 ms  ✓ LayoutPointers
   2555.7 ms  ✓ SpecialFunctions
    552.9 ms  ✓ BangBang → BangBangTablesExt
    974.8 ms  ✓ OhMyThreads
    947.4 ms  ✓ StrideArraysCore
    657.2 ms  ✓ Polyester
   6395.5 ms  ✓ StaticArrays
    673.2 ms  ✓ StaticArrays → StaticArraysStatisticsExt
    662.5 ms  ✓ Adapt → AdaptStaticArraysExt
   5950.3 ms  ✓ LLVM
    768.6 ms  ✓ ConstructionBase → ConstructionBaseStaticArraysExt
    796.8 ms  ✓ BangBang → BangBangStaticArraysExt
    830.3 ms  ✓ StaticArrayInterface → StaticArrayInterfaceStaticArraysExt
    862.6 ms  ✓ Accessors → AccessorsStaticArraysExt
   1711.4 ms  ✓ UnsafeAtomicsLLVM
   3019.3 ms  ✓ KernelAbstractions
    667.8 ms  ✓ KernelAbstractions → LinearAlgebraExt
    856.3 ms  ✓ KernelAbstractions → SparseArraysExt
   3036.2 ms  ✓ AcceleratedKernels
   3480.6 ms  ✓ GPUArrays
  13402.7 ms  ✓ PrettyTables
  17473.3 ms  ✓ GPUCompiler
  11976.0 ms  ✓ AMDGPU
  76 dependencies successfully precompiled in 53 seconds. 49 already precompiled.
